TN:
SF:components/Header.tsx
FN:11,_interopRequireDefault
FN:16,(anonymous_1)
FN:19,(anonymous_2)
FN:116,(anonymous_3)
FN:203,(anonymous_4)
FNF:5
FNH:5
FNDA:4,_interopRequireDefault
FNDA:24,(anonymous_1)
FNDA:65,(anonymous_2)
FNDA:1,(anonymous_3)
FNDA:1,(anonymous_4)
DA:2,2
DA:5,2
DA:6,2
DA:7,2
DA:8,2
DA:9,2
DA:10,2
DA:12,4
DA:16,2
DA:17,24
DA:18,24
DA:19,65
DA:21,24
DA:63,24
DA:64,24
DA:65,3
DA:94,3
DA:111,24
DA:112,17
DA:116,1
DA:143,24
DA:144,7
DA:183,7
DA:203,1
DA:238,24
DA:255,2
DA:256,2
LF:27
LH:27
BRDA:12,0,0,2
BRDA:12,0,1,2
BRDA:12,1,0,4
BRDA:12,1,1,4
BRDA:64,2,0,3
BRDA:64,2,1,21
BRDA:111,3,0,17
BRDA:111,3,1,7
BRDA:143,4,0,7
BRDA:143,4,1,17
BRF:10
BRH:10
end_of_record
TN:
SF:components/Layout.tsx
FN:9,_interopRequireDefault
FN:14,(anonymous_1)
FNF:2
FNH:2
FNDA:2,_interopRequireDefault
FNDA:9,(anonymous_1)
DA:2,1
DA:5,1
DA:6,1
DA:7,1
DA:8,1
DA:10,2
DA:14,9
DA:66,1
DA:67,1
LF:9
LH:9
BRDA:10,0,0,1
BRDA:10,0,1,1
BRDA:10,1,0,2
BRDA:10,1,1,2
BRF:4
BRH:4
end_of_record
TN:
SF:components/Post.tsx
FN:10,_interopRequireDefault
FN:15,(anonymous_1)
FN:18,(anonymous_2)
FNF:3
FNH:2
FNDA:3,_interopRequireDefault
FNDA:14,(anonymous_1)
FNDA:0,(anonymous_2)
DA:2,1
DA:5,1
DA:6,1
DA:7,1
DA:8,1
DA:9,1
DA:11,3
DA:15,1
DA:16,14
DA:17,14
DA:18,0
DA:45,1
DA:46,1
LF:13
LH:12
BRDA:11,0,0,1
BRDA:11,0,1,2
BRDA:11,1,0,3
BRDA:11,1,1,3
BRDA:16,2,0,12
BRDA:16,2,1,2
BRDA:16,3,0,14
BRDA:16,3,1,13
BRF:8
BRH:8
end_of_record
TN:
SF:lib/prisma.ts
FNF:0
FNH:0
DA:2,0
DA:5,0
DA:6,0
DA:7,0
DA:8,0
DA:9,0
DA:10,0
DA:11,0
LF:8
LH:0
BRDA:8,0,0,0
BRDA:8,0,1,0
BRDA:9,1,0,0
BRDA:9,1,1,0
BRF:4
BRH:0
end_of_record
TN:
SF:pages/create.tsx
FN:11,_interopRequireDefault
FN:16,_interopRequireWildcard
FN:37,(anonymous_2)
FN:43,(anonymous_3)
FN:101,(anonymous_4)
FN:109,(anonymous_5)
FN:123,(anonymous_6)
FNF:7
FNH:0
FNDA:0,_interopRequireDefault
FNDA:0,_interopRequireWildcard
FNDA:0,(anonymous_2)
FNDA:0,(anonymous_3)
FNDA:0,(anonymous_4)
FNDA:0,(anonymous_5)
FNDA:0,(anonymous_6)
DA:2,0
DA:5,0
DA:6,0
DA:7,0
DA:8,0
DA:9,0
DA:10,0
DA:12,0
DA:17,0
DA:18,0
DA:20,0
DA:21,0
DA:22,0
DA:23,0
DA:24,0
DA:25,0
DA:26,0
DA:28,0
DA:33,0
DA:34,0
DA:37,0
DA:38,0
DA:39,0
DA:40,0
DA:41,0
DA:42,0
DA:43,0
DA:44,0
DA:45,0
DA:46,0
DA:47,0
DA:48,0
DA:52,0
DA:59,0
DA:60,0
DA:62,0
DA:63,0
DA:66,0
DA:67,0
DA:69,0
DA:72,0
DA:73,0
DA:86,0
DA:101,0
DA:109,0
DA:123,0
DA:173,0
DA:174,0
LF:48
LH:0
BRDA:12,0,0,0
BRDA:12,0,1,0
BRDA:12,1,0,0
BRDA:12,1,1,0
BRDA:17,2,0,0
BRDA:17,2,1,0
BRDA:17,3,0,0
BRDA:17,3,1,0
BRDA:21,4,0,0
BRDA:21,4,1,0
BRDA:23,5,0,0
BRDA:23,5,1,0
BRDA:24,6,0,0
BRDA:24,6,1,0
BRDA:24,7,0,0
BRDA:24,7,1,0
BRDA:25,8,0,0
BRDA:25,8,1,0
BRDA:25,9,0,0
BRDA:25,9,1,0
BRDA:59,10,0,0
BRDA:59,10,1,0
BRDA:63,11,0,0
BRDA:63,11,1,0
BRDA:72,12,0,0
BRDA:72,12,1,0
BRDA:95,13,0,0
BRDA:95,13,1,0
BRDA:116,14,0,0
BRDA:116,14,1,0
BRDA:116,14,2,0
BRDA:118,15,0,0
BRDA:118,15,1,0
BRF:33
BRH:0
end_of_record
TN:
SF:pages/drafts.tsx
FN:13,_interopRequireDefault
FN:18,(anonymous_1)
FN:65,(anonymous_2)
FN:75,(anonymous_3)
FNF:4
FNH:0
FNDA:0,_interopRequireDefault
FNDA:0,(anonymous_1)
FNDA:0,(anonymous_2)
FNDA:0,(anonymous_3)
DA:2,0
DA:5,0
DA:6,0
DA:7,0
DA:8,0
DA:9,0
DA:10,0
DA:11,0
DA:12,0
DA:14,0
DA:18,0
DA:19,0
DA:20,0
DA:21,0
DA:29,0
DA:34,0
DA:35,0
DA:42,0
DA:58,0
DA:64,0
DA:65,0
DA:66,0
DA:75,0
DA:105,0
DA:106,0
LF:25
LH:0
BRDA:14,0,0,0
BRDA:14,0,1,0
BRDA:14,1,0,0
BRDA:14,1,1,0
BRDA:20,2,0,0
BRDA:20,2,1,0
BRDA:20,3,0,0
BRDA:20,3,1,0
BRDA:34,4,0,0
BRDA:34,4,1,0
BRF:10
BRH:0
end_of_record
TN:
SF:pages/index.tsx
FN:11,_interopRequireDefault
FN:16,(anonymous_1)
FN:39,(anonymous_2)
FN:49,(anonymous_3)
FNF:4
FNH:0
FNDA:0,_interopRequireDefault
FNDA:0,(anonymous_1)
FNDA:0,(anonymous_2)
FNDA:0,(anonymous_3)
DA:2,0
DA:5,0
DA:6,0
DA:7,0
DA:8,0
DA:9,0
DA:10,0
DA:12,0
DA:16,0
DA:17,0
DA:32,0
DA:38,0
DA:39,0
DA:40,0
DA:49,0
DA:79,0
DA:80,0
LF:17
LH:0
BRDA:12,0,0,0
BRDA:12,0,1,0
BRDA:12,1,0,0
BRDA:12,1,1,0
BRF:4
BRH:0
end_of_record
TN:
SF:pages/p/[id].tsx
FN:12,_interopRequireDefault
FN:17,(anonymous_1)
FN:35,(anonymous_2)
FN:40,publishPost
FN:46,deletePost
FN:72,(anonymous_5)
FN:77,(anonymous_6)
FNF:7
FNH:0
FNDA:0,_interopRequireDefault
FNDA:0,(anonymous_1)
FNDA:0,(anonymous_2)
FNDA:0,publishPost
FNDA:0,deletePost
FNDA:0,(anonymous_5)
FNDA:0,(anonymous_6)
DA:2,0
DA:5,0
DA:6,0
DA:7,0
DA:8,0
DA:9,0
DA:10,0
DA:11,0
DA:13,0
DA:17,0
DA:18,0
DA:30,0
DA:34,0
DA:35,0
DA:36,0
DA:37,0
DA:38,0
DA:41,0
DA:44,0
DA:47,0
DA:50,0
DA:52,0
DA:72,0
DA:77,0
DA:112,0
DA:113,0
LF:26
LH:0
BRDA:13,0,0,0
BRDA:13,0,1,0
BRDA:13,1,0,0
BRDA:13,1,1,0
BRDA:37,2,0,0
BRDA:37,2,1,0
BRDA:62,3,0,0
BRDA:62,3,1,0
BRDA:68,4,0,0
BRDA:68,4,1,0
BRF:10
BRH:0
end_of_record
